This is pdfTeX, Version 3.14159265-2.6-1.40.20 (MiKTeX 2.9.6960 64-bit) (preloaded format=pdflatex 2019.2.22)  10 APR 2019 19:43
entering extended mode
**./Masterproef_NL_2012.tex
(Masterproef_NL_2012.tex
LaTeX2e <2018-12-01>
("C:\Users\Arno\AppData\Local\Programs\MiKTeX 2.9\tex/latex/base\fix-cm.sty"
Package: fix-cm 2015/01/14 v1.1t fixes to LaTeX

("C:\Users\Arno\AppData\Local\Programs\MiKTeX 2.9\tex/latex/base\ts1enc.def"
File: ts1enc.def 2001/06/05 v3.0e (jk/car/fm) Standard LaTeX file
Now handling font encoding TS1 ...
... processing UTF-8 mapping file for font encoding TS1

("C:\Users\Arno\AppData\Local\Programs\MiKTeX 2.9\tex/latex/base\ts1enc.dfu"
File: ts1enc.dfu 2018/10/05 v1.2f UTF-8 support for inputenc
   defining Unicode char U+00A2 (decimal 162)
   defining Unicode char U+00A3 (decimal 163)
   defining Unicode char U+00A4 (decimal 164)
   defining Unicode char U+00A5 (decimal 165)
   defining Unicode char U+00A6 (decimal 166)
   defining Unicode char U+00A7 (decimal 167)
   defining Unicode char U+00A8 (decimal 168)
   defining Unicode char U+00A9 (decimal 169)
   defining Unicode char U+00AA (decimal 170)
   defining Unicode char U+00AC (decimal 172)
   defining Unicode char U+00AE (decimal 174)
   defining Unicode char U+00AF (decimal 175)
   defining Unicode char U+00B0 (decimal 176)
   defining Unicode char U+00B1 (decimal 177)
   defining Unicode char U+00B2 (decimal 178)
   defining Unicode char U+00B3 (decimal 179)
   defining Unicode char U+00B4 (decimal 180)
   defining Unicode char U+00B5 (decimal 181)
   defining Unicode char U+00B6 (decimal 182)
   defining Unicode char U+00B7 (decimal 183)
   defining Unicode char U+00B9 (decimal 185)
   defining Unicode char U+00BA (decimal 186)
   defining Unicode char U+00BC (decimal 188)
   defining Unicode char U+00BD (decimal 189)
   defining Unicode char U+00BE (decimal 190)
   defining Unicode char U+00D7 (decimal 215)
   defining Unicode char U+00F7 (decimal 247)
   defining Unicode char U+0192 (decimal 402)
   defining Unicode char U+02C7 (decimal 711)
   defining Unicode char U+02D8 (decimal 728)
   defining Unicode char U+02DD (decimal 733)
   defining Unicode char U+0E3F (decimal 3647)
   defining Unicode char U+2016 (decimal 8214)
   defining Unicode char U+2020 (decimal 8224)
   defining Unicode char U+2021 (decimal 8225)
   defining Unicode char U+2022 (decimal 8226)
   defining Unicode char U+2030 (decimal 8240)
   defining Unicode char U+2031 (decimal 8241)
   defining Unicode char U+203B (decimal 8251)
   defining Unicode char U+203D (decimal 8253)
   defining Unicode char U+2044 (decimal 8260)
   defining Unicode char U+204E (decimal 8270)
   defining Unicode char U+2052 (decimal 8274)
   defining Unicode char U+20A1 (decimal 8353)
   defining Unicode char U+20A4 (decimal 8356)
   defining Unicode char U+20A6 (decimal 8358)
   defining Unicode char U+20A9 (decimal 8361)
   defining Unicode char U+20AB (decimal 8363)
   defining Unicode char U+20AC (decimal 8364)
   defining Unicode char U+20B1 (decimal 8369)
   defining Unicode char U+2103 (decimal 8451)
   defining Unicode char U+2116 (decimal 8470)
   defining Unicode char U+2117 (decimal 8471)
   defining Unicode char U+211E (decimal 8478)
   defining Unicode char U+2120 (decimal 8480)
   defining Unicode char U+2122 (decimal 8482)
   defining Unicode char U+2126 (decimal 8486)
   defining Unicode char U+2127 (decimal 8487)
   defining Unicode char U+212E (decimal 8494)
   defining Unicode char U+2190 (decimal 8592)
   defining Unicode char U+2191 (decimal 8593)
   defining Unicode char U+2192 (decimal 8594)
   defining Unicode char U+2193 (decimal 8595)
   defining Unicode char U+2329 (decimal 9001)
   defining Unicode char U+232A (decimal 9002)
   defining Unicode char U+2422 (decimal 9250)
   defining Unicode char U+25E6 (decimal 9702)
   defining Unicode char U+25EF (decimal 9711)
   defining Unicode char U+266A (decimal 9834)
   defining Unicode char U+FEFF (decimal 65279)
))) ("C:\Users\Arno\AppData\Local\Programs\MiKTeX 2.9\tex/latex/base\book.cls"
Document Class: book 2018/09/03 v1.4i Standard LaTeX document class
("C:\Users\Arno\AppData\Local\Programs\MiKTeX 2.9\tex/latex/base\bk12.clo"
File: bk12.clo 2018/09/03 v1.4i Standard LaTeX file (size option)
)
\c@part=\count80
\c@chapter=\count81
\c@section=\count82
\c@subsection=\count83
\c@subsubsection=\count84
\c@paragraph=\count85
\c@subparagraph=\count86
\c@figure=\count87
\c@table=\count88
\abovecaptionskip=\skip41
\belowcaptionskip=\skip42
\bibindent=\dimen102
)
("C:\Users\Arno\AppData\Local\Programs\MiKTeX 2.9\tex/latex/graphics\graphicx.s
ty"
Package: graphicx 2017/06/01 v1.1a Enhanced LaTeX Graphics (DPC,SPQR)

("C:\Users\Arno\AppData\Local\Programs\MiKTeX 2.9\tex/latex/graphics\keyval.sty
"
Package: keyval 2014/10/28 v1.15 key=value parser (DPC)
\KV@toks@=\toks14
)
("C:\Users\Arno\AppData\Local\Programs\MiKTeX 2.9\tex/latex/graphics\graphics.s
ty"
Package: graphics 2017/06/25 v1.2c Standard LaTeX Graphics (DPC,SPQR)

("C:\Users\Arno\AppData\Local\Programs\MiKTeX 2.9\tex/latex/graphics\trig.sty"
Package: trig 2016/01/03 v1.10 sin cos tan (DPC)
)
("C:\Users\Arno\AppData\Local\Programs\MiKTeX 2.9\tex/latex/graphics-cfg\graphi
cs.cfg"
File: graphics.cfg 2016/06/04 v1.11 sample graphics configuration
)
Package graphics Info: Driver file: pdftex.def on input line 99.

("C:\Users\Arno\AppData\Local\Programs\MiKTeX 2.9\tex/latex/graphics-def\pdftex
.def"
File: pdftex.def 2018/01/08 v1.0l Graphics/color driver for pdftex
))
\Gin@req@height=\dimen103
\Gin@req@width=\dimen104
)
("C:\Users\Arno\AppData\Local\Programs\MiKTeX 2.9\tex/latex/xcolor\xcolor.sty"
Package: xcolor 2016/05/11 v2.12 LaTeX color extensions (UK)

("C:\Users\Arno\AppData\Local\Programs\MiKTeX 2.9\tex/latex/graphics-cfg\color.
cfg"
File: color.cfg 2016/01/02 v1.6 sample color configuration
)
Package xcolor Info: Driver file: pdftex.def on input line 225.
Package xcolor Info: Model `cmy' substituted by `cmy0' on input line 1348.
Package xcolor Info: Model `hsb' substituted by `rgb' on input line 1352.
Package xcolor Info: Model `RGB' extended on input line 1364.
Package xcolor Info: Model `HTML' substituted by `rgb' on input line 1366.
Package xcolor Info: Model `Hsb' substituted by `hsb' on input line 1367.
Package xcolor Info: Model `tHsb' substituted by `hsb' on input line 1368.
Package xcolor Info: Model `HSB' substituted by `hsb' on input line 1369.
Package xcolor Info: Model `Gray' substituted by `gray' on input line 1370.
Package xcolor Info: Model `wave' substituted by `hsb' on input line 1371.
)
("C:\Users\Arno\AppData\Local\Programs\MiKTeX 2.9\tex/latex/textpos\textpos.sty
"
Package: textpos 2016/06/07 v1.8

Package: textpos 2016/06/07 1.8, absolute positioning of text on the page
\TP@textbox=\box27
\TPHorizModule=\dimen105
\TPVertModule=\dimen106
\TP@margin=\dimen107
\TP@absmargin=\dimen108
Grid set 16 x 16 = 37.34424pt x 52.81541pt
\TPboxrulesize=\dimen109
\TP@tbargs=\toks15
\TP@prevdepth=\dimen110
) ("C:\Users\Arno\AppData\Local\Programs\MiKTeX 2.9\tex/latex/psnfss\helvet.sty
"
Package: helvet 2005/04/12 PSNFSS-v9.2a (WaS) 
)
("C:\Users\Arno\AppData\Local\Programs\MiKTeX 2.9\tex/latex/pgf/frontendlayer\t
ikz.sty"
("C:\Users\Arno\AppData\Local\Programs\MiKTeX 2.9\tex/latex/pgf/basiclayer\pgf.
sty"
("C:\Users\Arno\AppData\Local\Programs\MiKTeX 2.9\tex/latex/pgf/utilities\pgfrc
s.sty"
("C:\Users\Arno\AppData\Local\Programs\MiKTeX 2.9\tex/generic/pgf/utilities\pgf
util-common.tex"
\pgfutil@everybye=\toks16
\pgfutil@tempdima=\dimen111
\pgfutil@tempdimb=\dimen112

("C:\Users\Arno\AppData\Local\Programs\MiKTeX 2.9\tex/generic/pgf/utilities\pgf
util-common-lists.tex"))
("C:\Users\Arno\AppData\Local\Programs\MiKTeX 2.9\tex/generic/pgf/utilities\pgf
util-latex.def"
\pgfutil@abb=\box28

("C:\Users\Arno\AppData\Local\Programs\MiKTeX 2.9\tex/latex/ms\everyshi.sty"
Package: everyshi 2001/05/15 v3.00 EveryShipout Package (MS)
))
("C:\Users\Arno\AppData\Local\Programs\MiKTeX 2.9\tex/generic/pgf/utilities\pgf
rcs.code.tex"
("C:\Users\Arno\AppData\Local\Programs\MiKTeX 2.9\tex/generic/pgf\pgf.revision.
tex")
Package: pgfrcs 2019/02/02 v3.1.1 (3.1.1)
))
Package: pgf 2019/02/02 v3.1.1 (3.1.1)

("C:\Users\Arno\AppData\Local\Programs\MiKTeX 2.9\tex/latex/pgf/basiclayer\pgfc
ore.sty"
("C:\Users\Arno\AppData\Local\Programs\MiKTeX 2.9\tex/latex/pgf/systemlayer\pgf
sys.sty"
("C:\Users\Arno\AppData\Local\Programs\MiKTeX 2.9\tex/generic/pgf/systemlayer\p
gfsys.code.tex"
Package: pgfsys 2019/02/02 v3.1.1 (3.1.1)

("C:\Users\Arno\AppData\Local\Programs\MiKTeX 2.9\tex/generic/pgf/utilities\pgf
keys.code.tex"
\pgfkeys@pathtoks=\toks17
\pgfkeys@temptoks=\toks18

("C:\Users\Arno\AppData\Local\Programs\MiKTeX 2.9\tex/generic/pgf/utilities\pgf
keysfiltered.code.tex"
\pgfkeys@tmptoks=\toks19
))
\pgf@x=\dimen113
\pgf@y=\dimen114
\pgf@xa=\dimen115
\pgf@ya=\dimen116
\pgf@xb=\dimen117
\pgf@yb=\dimen118
\pgf@xc=\dimen119
\pgf@yc=\dimen120
\w@pgf@writea=\write3
\r@pgf@reada=\read1
\c@pgf@counta=\count89
\c@pgf@countb=\count90
\c@pgf@countc=\count91
\c@pgf@countd=\count92
\t@pgf@toka=\toks20
\t@pgf@tokb=\toks21
\t@pgf@tokc=\toks22
\pgf@sys@id@count=\count93

("C:\Users\Arno\AppData\Local\Programs\MiKTeX 2.9\tex/generic/pgf/systemlayer\p
gf.cfg"
File: pgf.cfg 2019/02/02 v3.1.1 (3.1.1)
)
Driver file for pgf: pgfsys-pdftex.def

("C:\Users\Arno\AppData\Local\Programs\MiKTeX 2.9\tex/generic/pgf/systemlayer\p
gfsys-pdftex.def"
File: pgfsys-pdftex.def 2019/02/02 v3.1.1 (3.1.1)

("C:\Users\Arno\AppData\Local\Programs\MiKTeX 2.9\tex/generic/pgf/systemlayer\p
gfsys-common-pdf.def"
File: pgfsys-common-pdf.def 2019/02/02 v3.1.1 (3.1.1)
)))
("C:\Users\Arno\AppData\Local\Programs\MiKTeX 2.9\tex/generic/pgf/systemlayer\p
gfsyssoftpath.code.tex"
File: pgfsyssoftpath.code.tex 2019/02/02 v3.1.1 (3.1.1)
\pgfsyssoftpath@smallbuffer@items=\count94
\pgfsyssoftpath@bigbuffer@items=\count95
)
("C:\Users\Arno\AppData\Local\Programs\MiKTeX 2.9\tex/generic/pgf/systemlayer\p
gfsysprotocol.code.tex"
File: pgfsysprotocol.code.tex 2019/02/02 v3.1.1 (3.1.1)
))
("C:\Users\Arno\AppData\Local\Programs\MiKTeX 2.9\tex/generic/pgf/basiclayer\pg
fcore.code.tex"
Package: pgfcore 2019/02/02 v3.1.1 (3.1.1)

("C:\Users\Arno\AppData\Local\Programs\MiKTeX 2.9\tex/generic/pgf/math\pgfmath.
code.tex"
("C:\Users\Arno\AppData\Local\Programs\MiKTeX 2.9\tex/generic/pgf/math\pgfmathc
alc.code.tex"
("C:\Users\Arno\AppData\Local\Programs\MiKTeX 2.9\tex/generic/pgf/math\pgfmathu
til.code.tex")
("C:\Users\Arno\AppData\Local\Programs\MiKTeX 2.9\tex/generic/pgf/math\pgfmathp
arser.code.tex"
\pgfmath@dimen=\dimen121
\pgfmath@count=\count96
\pgfmath@box=\box29
\pgfmath@toks=\toks23
\pgfmath@stack@operand=\toks24
\pgfmath@stack@operation=\toks25
)
("C:\Users\Arno\AppData\Local\Programs\MiKTeX 2.9\tex/generic/pgf/math\pgfmathf
unctions.code.tex"
("C:\Users\Arno\AppData\Local\Programs\MiKTeX 2.9\tex/generic/pgf/math\pgfmathf
unctions.basic.code.tex")
("C:\Users\Arno\AppData\Local\Programs\MiKTeX 2.9\tex/generic/pgf/math\pgfmathf
unctions.trigonometric.code.tex")
("C:\Users\Arno\AppData\Local\Programs\MiKTeX 2.9\tex/generic/pgf/math\pgfmathf
unctions.random.code.tex")
("C:\Users\Arno\AppData\Local\Programs\MiKTeX 2.9\tex/generic/pgf/math\pgfmathf
unctions.comparison.code.tex")
("C:\Users\Arno\AppData\Local\Programs\MiKTeX 2.9\tex/generic/pgf/math\pgfmathf
unctions.base.code.tex")
("C:\Users\Arno\AppData\Local\Programs\MiKTeX 2.9\tex/generic/pgf/math\pgfmathf
unctions.round.code.tex")
("C:\Users\Arno\AppData\Local\Programs\MiKTeX 2.9\tex/generic/pgf/math\pgfmathf
unctions.misc.code.tex")
("C:\Users\Arno\AppData\Local\Programs\MiKTeX 2.9\tex/generic/pgf/math\pgfmathf
unctions.integerarithmetics.code.tex")))
("C:\Users\Arno\AppData\Local\Programs\MiKTeX 2.9\tex/generic/pgf/math\pgfmathf
loat.code.tex"
\c@pgfmathroundto@lastzeros=\count97
))
("C:\Users\Arno\AppData\Local\Programs\MiKTeX 2.9\tex/generic/pgf/basiclayer\pg
fcorepoints.code.tex"
File: pgfcorepoints.code.tex 2019/02/02 v3.1.1 (3.1.1)
\pgf@picminx=\dimen122
\pgf@picmaxx=\dimen123
\pgf@picminy=\dimen124
\pgf@picmaxy=\dimen125
\pgf@pathminx=\dimen126
\pgf@pathmaxx=\dimen127
\pgf@pathminy=\dimen128
\pgf@pathmaxy=\dimen129
\pgf@xx=\dimen130
\pgf@xy=\dimen131
\pgf@yx=\dimen132
\pgf@yy=\dimen133
\pgf@zx=\dimen134
\pgf@zy=\dimen135
)
("C:\Users\Arno\AppData\Local\Programs\MiKTeX 2.9\tex/generic/pgf/basiclayer\pg
fcorepathconstruct.code.tex"
File: pgfcorepathconstruct.code.tex 2019/02/02 v3.1.1 (3.1.1)
\pgf@path@lastx=\dimen136
\pgf@path@lasty=\dimen137
)
("C:\Users\Arno\AppData\Local\Programs\MiKTeX 2.9\tex/generic/pgf/basiclayer\pg
fcorepathusage.code.tex"
File: pgfcorepathusage.code.tex 2019/02/02 v3.1.1 (3.1.1)
\pgf@shorten@end@additional=\dimen138
\pgf@shorten@start@additional=\dimen139
)
("C:\Users\Arno\AppData\Local\Programs\MiKTeX 2.9\tex/generic/pgf/basiclayer\pg
fcorescopes.code.tex"
File: pgfcorescopes.code.tex 2019/02/02 v3.1.1 (3.1.1)
\pgfpic=\box30
\pgf@hbox=\box31
\pgf@layerbox@main=\box32
\pgf@picture@serial@count=\count98
)
("C:\Users\Arno\AppData\Local\Programs\MiKTeX 2.9\tex/generic/pgf/basiclayer\pg
fcoregraphicstate.code.tex"
File: pgfcoregraphicstate.code.tex 2019/02/02 v3.1.1 (3.1.1)
\pgflinewidth=\dimen140
)
("C:\Users\Arno\AppData\Local\Programs\MiKTeX 2.9\tex/generic/pgf/basiclayer\pg
fcoretransformations.code.tex"
File: pgfcoretransformations.code.tex 2019/02/02 v3.1.1 (3.1.1)
\pgf@pt@x=\dimen141
\pgf@pt@y=\dimen142
\pgf@pt@temp=\dimen143
)
("C:\Users\Arno\AppData\Local\Programs\MiKTeX 2.9\tex/generic/pgf/basiclayer\pg
fcorequick.code.tex"
File: pgfcorequick.code.tex 2019/02/02 v3.1.1 (3.1.1)
)
("C:\Users\Arno\AppData\Local\Programs\MiKTeX 2.9\tex/generic/pgf/basiclayer\pg
fcoreobjects.code.tex"
File: pgfcoreobjects.code.tex 2019/02/02 v3.1.1 (3.1.1)
)
("C:\Users\Arno\AppData\Local\Programs\MiKTeX 2.9\tex/generic/pgf/basiclayer\pg
fcorepathprocessing.code.tex"
File: pgfcorepathprocessing.code.tex 2019/02/02 v3.1.1 (3.1.1)
)
("C:\Users\Arno\AppData\Local\Programs\MiKTeX 2.9\tex/generic/pgf/basiclayer\pg
fcorearrows.code.tex"
File: pgfcorearrows.code.tex 2019/02/02 v3.1.1 (3.1.1)
\pgfarrowsep=\dimen144
)
("C:\Users\Arno\AppData\Local\Programs\MiKTeX 2.9\tex/generic/pgf/basiclayer\pg
fcoreshade.code.tex"
File: pgfcoreshade.code.tex 2019/02/02 v3.1.1 (3.1.1)
\pgf@max=\dimen145
\pgf@sys@shading@range@num=\count99
)
("C:\Users\Arno\AppData\Local\Programs\MiKTeX 2.9\tex/generic/pgf/basiclayer\pg
fcoreimage.code.tex"
File: pgfcoreimage.code.tex 2019/02/02 v3.1.1 (3.1.1)

("C:\Users\Arno\AppData\Local\Programs\MiKTeX 2.9\tex/generic/pgf/basiclayer\pg
fcoreexternal.code.tex"
File: pgfcoreexternal.code.tex 2019/02/02 v3.1.1 (3.1.1)
\pgfexternal@startupbox=\box33
))
("C:\Users\Arno\AppData\Local\Programs\MiKTeX 2.9\tex/generic/pgf/basiclayer\pg
fcorelayers.code.tex"
File: pgfcorelayers.code.tex 2019/02/02 v3.1.1 (3.1.1)
)
("C:\Users\Arno\AppData\Local\Programs\MiKTeX 2.9\tex/generic/pgf/basiclayer\pg
fcoretransparency.code.tex"
File: pgfcoretransparency.code.tex 2019/02/02 v3.1.1 (3.1.1)
)
("C:\Users\Arno\AppData\Local\Programs\MiKTeX 2.9\tex/generic/pgf/basiclayer\pg
fcorepatterns.code.tex"
File: pgfcorepatterns.code.tex 2019/02/02 v3.1.1 (3.1.1)
)
("C:\Users\Arno\AppData\Local\Programs\MiKTeX 2.9\tex/generic/pgf/basiclayer\pg
fcorerdf.code.tex"
File: pgfcorerdf.code.tex 2019/02/02 v3.1.1 (3.1.1)
)))
("C:\Users\Arno\AppData\Local\Programs\MiKTeX 2.9\tex/generic/pgf/modules\pgfmo
duleshapes.code.tex"
File: pgfmoduleshapes.code.tex 2019/02/02 v3.1.1 (3.1.1)
\pgfnodeparttextbox=\box34
)
("C:\Users\Arno\AppData\Local\Programs\MiKTeX 2.9\tex/generic/pgf/modules\pgfmo
duleplot.code.tex"
File: pgfmoduleplot.code.tex 2019/02/02 v3.1.1 (3.1.1)
)
("C:\Users\Arno\AppData\Local\Programs\MiKTeX 2.9\tex/latex/pgf/compatibility\p
gfcomp-version-0-65.sty"
Package: pgfcomp-version-0-65 2019/02/02 v3.1.1 (3.1.1)
\pgf@nodesepstart=\dimen146
\pgf@nodesepend=\dimen147
)
("C:\Users\Arno\AppData\Local\Programs\MiKTeX 2.9\tex/latex/pgf/compatibility\p
gfcomp-version-1-18.sty"
Package: pgfcomp-version-1-18 2019/02/02 v3.1.1 (3.1.1)
))
("C:\Users\Arno\AppData\Local\Programs\MiKTeX 2.9\tex/latex/pgf/utilities\pgffo
r.sty"
("C:\Users\Arno\AppData\Local\Programs\MiKTeX 2.9\tex/latex/pgf/utilities\pgfke
ys.sty"
("C:\Users\Arno\AppData\Local\Programs\MiKTeX 2.9\tex/generic/pgf/utilities\pgf
keys.code.tex"))
("C:\Users\Arno\AppData\Local\Programs\MiKTeX 2.9\tex/latex/pgf/math\pgfmath.st
y"
("C:\Users\Arno\AppData\Local\Programs\MiKTeX 2.9\tex/generic/pgf/math\pgfmath.
code.tex"))
("C:\Users\Arno\AppData\Local\Programs\MiKTeX 2.9\tex/generic/pgf/utilities\pgf
for.code.tex"
Package: pgffor 2019/02/02 v3.1.1 (3.1.1)

("C:\Users\Arno\AppData\Local\Programs\MiKTeX 2.9\tex/generic/pgf/math\pgfmath.
code.tex")
\pgffor@iter=\dimen148
\pgffor@skip=\dimen149
\pgffor@stack=\toks26
\pgffor@toks=\toks27
))
("C:\Users\Arno\AppData\Local\Programs\MiKTeX 2.9\tex/generic/pgf/frontendlayer
/tikz\tikz.code.tex"
Package: tikz 2019/02/02 v3.1.1 (3.1.1)

("C:\Users\Arno\AppData\Local\Programs\MiKTeX 2.9\tex/generic/pgf/libraries\pgf
libraryplothandlers.code.tex"
File: pgflibraryplothandlers.code.tex 2019/02/02 v3.1.1 (3.1.1)
\pgf@plot@mark@count=\count100
\pgfplotmarksize=\dimen150
)
\tikz@lastx=\dimen151
\tikz@lasty=\dimen152
\tikz@lastxsaved=\dimen153
\tikz@lastysaved=\dimen154
\tikzleveldistance=\dimen155
\tikzsiblingdistance=\dimen156
\tikz@figbox=\box35
\tikz@figbox@bg=\box36
\tikz@tempbox=\box37
\tikz@tempbox@bg=\box38
\tikztreelevel=\count101
\tikznumberofchildren=\count102
\tikznumberofcurrentchild=\count103
\tikz@fig@count=\count104

("C:\Users\Arno\AppData\Local\Programs\MiKTeX 2.9\tex/generic/pgf/modules\pgfmo
dulematrix.code.tex"
File: pgfmodulematrix.code.tex 2019/02/02 v3.1.1 (3.1.1)
\pgfmatrixcurrentrow=\count105
\pgfmatrixcurrentcolumn=\count106
\pgf@matrix@numberofcolumns=\count107
)
\tikz@expandcount=\count108

("C:\Users\Arno\AppData\Local\Programs\MiKTeX 2.9\tex/generic/pgf/frontendlayer
/tikz/libraries\tikzlibrarytopaths.code.tex"
File: tikzlibrarytopaths.code.tex 2019/02/02 v3.1.1 (3.1.1)
)))
("C:\Users\Arno\AppData\Local\Programs\MiKTeX 2.9\tex/generic/pgf/frontendlayer
/tikz/libraries\tikzlibraryfit.code.tex"
File: tikzlibraryfit.code.tex 2019/02/02 v3.1.1 (3.1.1)
)
("C:\Users\Arno\AppData\Local\Programs\MiKTeX 2.9\tex/generic/pgf/frontendlayer
/tikz/libraries\tikzlibraryshapes.code.tex"
File: tikzlibraryshapes.code.tex 2019/02/02 v3.1.1 (3.1.1)

("C:\Users\Arno\AppData\Local\Programs\MiKTeX 2.9\tex/generic/pgf/frontendlayer
/tikz/libraries\tikzlibraryshapes.geometric.code.tex"
File: tikzlibraryshapes.geometric.code.tex 2019/02/02 v3.1.1 (3.1.1)

("C:\Users\Arno\AppData\Local\Programs\MiKTeX 2.9\tex/generic/pgf/libraries/sha
pes\pgflibraryshapes.geometric.code.tex"
File: pgflibraryshapes.geometric.code.tex 2019/02/02 v3.1.1 (3.1.1)
))
("C:\Users\Arno\AppData\Local\Programs\MiKTeX 2.9\tex/generic/pgf/frontendlayer
/tikz/libraries\tikzlibraryshapes.misc.code.tex"
File: tikzlibraryshapes.misc.code.tex 2019/02/02 v3.1.1 (3.1.1)

("C:\Users\Arno\AppData\Local\Programs\MiKTeX 2.9\tex/generic/pgf/libraries/sha
pes\pgflibraryshapes.misc.code.tex"
File: pgflibraryshapes.misc.code.tex 2019/02/02 v3.1.1 (3.1.1)
))
("C:\Users\Arno\AppData\Local\Programs\MiKTeX 2.9\tex/generic/pgf/frontendlayer
/tikz/libraries\tikzlibraryshapes.symbols.code.tex"
File: tikzlibraryshapes.symbols.code.tex 2019/02/02 v3.1.1 (3.1.1)

("C:\Users\Arno\AppData\Local\Programs\MiKTeX 2.9\tex/generic/pgf/libraries/sha
pes\pgflibraryshapes.symbols.code.tex"
File: pgflibraryshapes.symbols.code.tex 2019/02/02 v3.1.1 (3.1.1)
))
("C:\Users\Arno\AppData\Local\Programs\MiKTeX 2.9\tex/generic/pgf/frontendlayer
/tikz/libraries\tikzlibraryshapes.arrows.code.tex"
File: tikzlibraryshapes.arrows.code.tex 2019/02/02 v3.1.1 (3.1.1)

("C:\Users\Arno\AppData\Local\Programs\MiKTeX 2.9\tex/generic/pgf/libraries/sha
pes\pgflibraryshapes.arrows.code.tex"
File: pgflibraryshapes.arrows.code.tex 2019/02/02 v3.1.1 (3.1.1)
))
("C:\Users\Arno\AppData\Local\Programs\MiKTeX 2.9\tex/generic/pgf/frontendlayer
/tikz/libraries\tikzlibraryshapes.callouts.code.tex"
("C:\Users\Arno\AppData\Local\Programs\MiKTeX 2.9\tex/generic/pgf/libraries/sha
pes\pgflibraryshapes.callouts.code.tex"))
("C:\Users\Arno\AppData\Local\Programs\MiKTeX 2.9\tex/generic/pgf/frontendlayer
/tikz/libraries\tikzlibraryshapes.multipart.code.tex"
File: tikzlibraryshapes.multipart.code.tex 2019/02/02 v3.1.1 (3.1.1)

("C:\Users\Arno\AppData\Local\Programs\MiKTeX 2.9\tex/generic/pgf/libraries/sha
pes\pgflibraryshapes.multipart.code.tex"
File: pgflibraryshapes.multipart.code.tex 2019/02/02 v3.1.1 (3.1.1)
\pgfnodepartlowerbox=\box39
\pgfnodeparttwobox=\box40
\pgfnodepartthreebox=\box41
\pgfnodepartfourbox=\box42
\pgfnodeparttwentybox=\box43
\pgfnodepartnineteenbox=\box44
\pgfnodeparteighteenbox=\box45
\pgfnodepartseventeenbox=\box46
\pgfnodepartsixteenbox=\box47
\pgfnodepartfifteenbox=\box48
\pgfnodepartfourteenbox=\box49
\pgfnodepartthirteenbox=\box50
\pgfnodeparttwelvebox=\box51
\pgfnodepartelevenbox=\box52
\pgfnodeparttenbox=\box53
\pgfnodepartninebox=\box54
\pgfnodeparteightbox=\box55
\pgfnodepartsevenbox=\box56
\pgfnodepartsixbox=\box57
\pgfnodepartfivebox=\box58
)))
("C:\Users\Arno\AppData\Local\Programs\MiKTeX 2.9\tex/generic/pgf/frontendlayer
/tikz/libraries\tikzlibraryarrows.code.tex"
File: tikzlibraryarrows.code.tex 2019/02/02 v3.1.1 (3.1.1)

("C:\Users\Arno\AppData\Local\Programs\MiKTeX 2.9\tex/generic/pgf/libraries\pgf
libraryarrows.code.tex"
File: pgflibraryarrows.code.tex 2019/02/02 v3.1.1 (3.1.1)
\arrowsize=\dimen157
))
("C:\Users\Arno\AppData\Local\Programs\MiKTeX 2.9\tex/generic/pgf/frontendlayer
/tikz/libraries\tikzlibrarypositioning.code.tex"
File: tikzlibrarypositioning.code.tex 2019/02/02 v3.1.1 (3.1.1)
)
("C:\Users\Arno\AppData\Local\Programs\MiKTeX 2.9\tex/generic/pgf/frontendlayer
/tikz/libraries\tikzlibrarycalc.code.tex"
File: tikzlibrarycalc.code.tex 2019/02/02 v3.1.1 (3.1.1)
)
("C:\Users\Arno\AppData\Local\Programs\MiKTeX 2.9\tex/latex/wrapfig\wrapfig.sty
"
\wrapoverhang=\dimen158
\WF@size=\dimen159
\c@WF@wrappedlines=\count109
\WF@box=\box59
\WF@everypar=\toks28
Package: wrapfig 2003/01/31  v 3.6
)
("C:\Users\Arno\AppData\Local\Programs\MiKTeX 2.9\tex/latex/chngcntr\chngcntr.s
ty"
Package: chngcntr 2018/04/09 v1.1a change counter resetting
Package chngcntr Info: \counterwithout already defined.
(chngcntr)             Quitting chngcntr on input line 21.
)
("C:\Users\Arno\AppData\Local\Programs\MiKTeX 2.9\tex/latex/amsmath\amsmath.sty
"
Package: amsmath 2018/12/01 v2.17b AMS math features
\@mathmargin=\skip43

For additional information on amsmath, use the `?' option.
("C:\Users\Arno\AppData\Local\Programs\MiKTeX 2.9\tex/latex/amsmath\amstext.sty
"
Package: amstext 2000/06/29 v2.01 AMS text
 ("C:\Users\Arno\AppData\Local\Programs\MiKTeX 2.9\tex/latex/amsmath\amsgen.sty
"
File: amsgen.sty 1999/11/30 v2.0 generic functions
\@emptytoks=\toks29
\ex@=\dimen160
))
("C:\Users\Arno\AppData\Local\Programs\MiKTeX 2.9\tex/latex/amsmath\amsbsy.sty"
Package: amsbsy 1999/11/29 v1.2d Bold Symbols
\pmbraise@=\dimen161
) ("C:\Users\Arno\AppData\Local\Programs\MiKTeX 2.9\tex/latex/amsmath\amsopn.st
y"
Package: amsopn 2016/03/08 v2.02 operator names
)
\inf@bad=\count110
LaTeX Info: Redefining \frac on input line 223.
\uproot@=\count111
\leftroot@=\count112
LaTeX Info: Redefining \overline on input line 385.
\classnum@=\count113
\DOTSCASE@=\count114
LaTeX Info: Redefining \ldots on input line 482.
LaTeX Info: Redefining \dots on input line 485.
LaTeX Info: Redefining \cdots on input line 606.
\Mathstrutbox@=\box60
\strutbox@=\box61
\big@size=\dimen162
LaTeX Font Info:    Redeclaring font encoding OML on input line 729.
LaTeX Font Info:    Redeclaring font encoding OMS on input line 730.
\macc@depth=\count115
\c@MaxMatrixCols=\count116
\dotsspace@=\muskip10
\c@parentequation=\count117
\dspbrk@lvl=\count118
\tag@help=\toks30
\row@=\count119
\column@=\count120
\maxfields@=\count121
\andhelp@=\toks31
\eqnshift@=\dimen163
\alignsep@=\dimen164
\tagshift@=\dimen165
\tagwidth@=\dimen166
\totwidth@=\dimen167
\lineht@=\dimen168
\@envbody=\toks32
\multlinegap=\skip44
\multlinetaggap=\skip45
\mathdisplay@stack=\toks33
LaTeX Info: Redefining \[ on input line 2844.
LaTeX Info: Redefining \] on input line 2845.
)
("C:\Users\Arno\AppData\Local\Programs\MiKTeX 2.9\tex/latex/amsfonts\amssymb.st
y"
Package: amssymb 2013/01/14 v3.01 AMS font symbols

("C:\Users\Arno\AppData\Local\Programs\MiKTeX 2.9\tex/latex/amsfonts\amsfonts.s
ty"
Package: amsfonts 2013/01/14 v3.01 Basic AMSFonts support
\symAMSa=\mathgroup4
\symAMSb=\mathgroup5
LaTeX Font Info:    Overwriting math alphabet `\mathfrak' in version `bold'
(Font)                  U/euf/m/n --> U/euf/b/n on input line 106.
))
("C:\Users\Arno\AppData\Local\Programs\MiKTeX 2.9\tex/latex/caption\caption.sty
"
Package: caption 2018/10/06 v3.3-154 Customizing captions (AR)

("C:\Users\Arno\AppData\Local\Programs\MiKTeX 2.9\tex/latex/caption\caption3.st
y"
Package: caption3 2018/09/12 v1.8c caption3 kernel (AR)
Package caption3 Info: TeX engine: e-TeX on input line 64.
\captionmargin=\dimen169
\captionmargin@=\dimen170
\captionwidth=\dimen171
\caption@tempdima=\dimen172
\caption@indent=\dimen173
\caption@parindent=\dimen174
\caption@hangindent=\dimen175
)
\c@caption@flags=\count122
\c@ContinuedFloat=\count123
Package caption Info: wrapfig package is loaded.
)
("C:\Users\Arno\AppData\Local\Programs\MiKTeX 2.9\tex/latex/caption\subcaption.
sty"
Package: subcaption 2018/05/01 v1.1-162 Sub-captions (AR)
\c@subfigure=\count124
\c@subtable=\count125
)
("C:\Users\Arno\AppData\Local\Programs\MiKTeX 2.9\tex/latex/base\inputenc.sty"
Package: inputenc 2018/08/11 v1.3c Input encoding file
\inpenc@prehook=\toks34
\inpenc@posthook=\toks35
)
("C:\Users\Arno\AppData\Local\Programs\MiKTeX 2.9\tex/latex/glossaries/base\glo
ssaries.sty"
Package: glossaries 2019/01/06 v4.42 (NLCT)

("C:\Users\Arno\AppData\Local\Programs\MiKTeX 2.9\tex/latex/base\ifthen.sty"
Package: ifthen 2014/09/29 v1.1c Standard LaTeX ifthen package (DPC)
)
("C:\Users\Arno\AppData\Local\Programs\MiKTeX 2.9\tex/latex/xkeyval\xkeyval.sty
"
Package: xkeyval 2014/12/03 v2.7a package option processing (HA)

("C:\Users\Arno\AppData\Local\Programs\MiKTeX 2.9\tex/generic/xkeyval\xkeyval.t
ex"
("C:\Users\Arno\AppData\Local\Programs\MiKTeX 2.9\tex/generic/xkeyval\xkvutils.
tex"
\XKV@toks=\toks36
\XKV@tempa@toks=\toks37
)
\XKV@depth=\count126
File: xkeyval.tex 2014/12/03 v2.7a key=value parser (HA)
))
("C:\Users\Arno\AppData\Local\Programs\MiKTeX 2.9\tex/latex/mfirstuc\mfirstuc.s
ty"
Package: mfirstuc 2017/11/14 v2.06 (NLCT)

("C:\Users\Arno\AppData\Local\Programs\MiKTeX 2.9\tex/latex/etoolbox\etoolbox.s
ty"
Package: etoolbox 2018/08/19 v2.5f e-TeX tools for LaTeX (JAW)
\etb@tempcnta=\count127
)
\@glsmfirst=\toks38
\@glsmrest=\toks39
)
("C:\Users\Arno\AppData\Local\Programs\MiKTeX 2.9\tex/latex/textcase\textcase.s
ty"
Package: textcase 2004/10/07 v0.07 Text only upper/lower case changing (DPC)
) ("C:\Users\Arno\AppData\Local\Programs\MiKTeX 2.9\tex/latex/xfor\xfor.sty"
Package: xfor 2009/02/05 v1.05 (NLCT)
)
("C:\Users\Arno\AppData\Local\Programs\MiKTeX 2.9\tex/latex/datatool\datatool-b
ase.sty"
Package: datatool-base 2018/12/07 v2.31 (NLCT)

("C:\Users\Arno\AppData\Local\Programs\MiKTeX 2.9\tex/latex/substr\substr.sty"
Package: substr 2009/10/20 v1.2 Handle substrings
\c@su@anzahl=\count128
)
("C:\Users\Arno\AppData\Local\Programs\MiKTeX 2.9\tex/latex/datatool\datatool-f
p.sty"
Package: datatool-fp 2018/12/07 v2.31 (NLCT)
 ("C:\Users\Arno\AppData\Local\Programs\MiKTeX 2.9\tex/latex/fp\fp.sty"
Package: fp 1995/04/02

`Fixed Point Package', Version 0.8, April 2, 1995 (C) Michael Mehlich
("C:\Users\Arno\AppData\Local\Programs\MiKTeX 2.9\tex/latex/fp\defpattern.sty"
Package: defpattern 1994/10/12
\actioncount=\count129
) ("C:\Users\Arno\AppData\Local\Programs\MiKTeX 2.9\tex/latex/fp\fp-basic.sty"
Package: fp-basic 1996/05/13
\FP@xs=\count130
\FP@xia=\count131
\FP@xib=\count132
\FP@xfa=\count133
\FP@xfb=\count134
\FP@rega=\count135
\FP@regb=\count136
\FP@regs=\count137
\FP@times=\count138
)
("C:\Users\Arno\AppData\Local\Programs\MiKTeX 2.9\tex/latex/fp\fp-addons.sty"
Package: fp-addons 1995/03/15
)
("C:\Users\Arno\AppData\Local\Programs\MiKTeX 2.9\tex/latex/fp\fp-snap.sty"
Package: fp-snap 1995/04/05
)
("C:\Users\Arno\AppData\Local\Programs\MiKTeX 2.9\tex/latex/fp\fp-exp.sty"
Package: fp-exp 1995/04/03
)
("C:\Users\Arno\AppData\Local\Programs\MiKTeX 2.9\tex/latex/fp\fp-trigo.sty"
Package: fp-trigo 1995/04/14
)
("C:\Users\Arno\AppData\Local\Programs\MiKTeX 2.9\tex/latex/fp\fp-pas.sty"
Package: fp-pas 1994/08/29
)
("C:\Users\Arno\AppData\Local\Programs\MiKTeX 2.9\tex/latex/fp\fp-random.sty"
Package: fp-random 1995/02/23
\FPseed=\count139
)
("C:\Users\Arno\AppData\Local\Programs\MiKTeX 2.9\tex/latex/fp\fp-eqn.sty"
Package: fp-eqn 1995/04/03
)
("C:\Users\Arno\AppData\Local\Programs\MiKTeX 2.9\tex/latex/fp\fp-upn.sty"
Package: fp-upn 1996/10/21
)
("C:\Users\Arno\AppData\Local\Programs\MiKTeX 2.9\tex/latex/fp\fp-eval.sty"
Package: fp-eval 1995/04/03
)))
\@dtl@toks=\toks40
\@dtl@tmpcount=\count140
\dtl@tmplength=\skip46
\dtl@sortresult=\count141
\@dtl@numgrpsepcount=\count142
\@dtl@datatype=\count143
\dtl@codeA=\count144
\dtl@codeB=\count145
\@dtl@foreach@level=\count146
)
("C:\Users\Arno\AppData\Local\Programs\MiKTeX 2.9\tex/latex/glossaries/base\glo
ssaries-compatible-307.sty"
Package: glossaries-compatible-307 2019/01/06 v4.42 (NLCT)
)
\gls@level=\count147
\@gls@tmpb=\toks41
\gls@tmplen=\skip47
\glskeylisttok=\toks42
\glslabeltok=\toks43
\glsshorttok=\toks44
\glslongtok=\toks45

("C:\Users\Arno\AppData\Local\Programs\MiKTeX 2.9\tex/latex/glossaries/styles\g
lossary-hypernav.sty"
Package: glossary-hypernav 2019/01/06 v4.42 (NLCT)
)
("C:\Users\Arno\AppData\Local\Programs\MiKTeX 2.9\tex/latex/glossaries/styles\g
lossary-list.sty"
Package: glossary-list 2019/01/06 v4.42 (NLCT)
\glslistdottedwidth=\skip48
)
("C:\Users\Arno\AppData\Local\Programs\MiKTeX 2.9\tex/latex/glossaries/styles\g
lossary-long.sty"
Package: glossary-long 2019/01/06 v4.42 (NLCT)

("C:\Users\Arno\AppData\Local\Programs\MiKTeX 2.9\tex/latex/tools\longtable.sty
"
Package: longtable 2014/10/28 v4.11 Multi-page Table package (DPC)+ FMi change
\LTleft=\skip49
\LTright=\skip50
\LTpre=\skip51
\LTpost=\skip52
\LTchunksize=\count148
\LTcapwidth=\dimen176
\LT@head=\box62
\LT@firsthead=\box63
\LT@foot=\box64
\LT@lastfoot=\box65
\LT@cols=\count149
\LT@rows=\count150
\c@LT@tables=\count151
\c@LT@chunks=\count152
\LT@p@ftn=\toks46
)
\glsdescwidth=\skip53
\glspagelistwidth=\skip54
)
("C:\Users\Arno\AppData\Local\Programs\MiKTeX 2.9\tex/latex/glossaries/styles\g
lossary-super.sty"
Package: glossary-super 2019/01/06 v4.42 (NLCT)

("C:\Users\Arno\AppData\Local\Programs\MiKTeX 2.9\tex/latex/supertabular\supert
abular.sty"
Package: supertabular 2004/02/20 v4.1e the supertabular environment
\c@tracingst=\count153
\ST@wd=\dimen177
\ST@rightskip=\skip55
\ST@leftskip=\skip56
\ST@parfillskip=\skip57
\ST@pageleft=\dimen178
\ST@headht=\dimen179
\ST@tailht=\dimen180
\ST@pagesofar=\dimen181
\ST@pboxht=\dimen182
\ST@lineht=\dimen183
\ST@stretchht=\dimen184
\ST@prevht=\dimen185
\ST@toadd=\dimen186
\ST@dimen=\dimen187
\ST@pbox=\box66
))
("C:\Users\Arno\AppData\Local\Programs\MiKTeX 2.9\tex/latex/glossaries/styles\g
lossary-tree.sty"
Package: glossary-tree 2019/01/06 v4.42 (NLCT)
\glstreeindent=\skip58
))
\@input{glossary.aux}
\openout2 = `glossary.aux'.

(glossary.tex)
\glswrite=\write4
\glo@main@file=\write5
\openout5 = `Masterproef_NL_2012.glo'.

Package glossaries Info: Writing glossary file Masterproef_NL_2012.glo on input
 line 38.
\glo@acronym@file=\write6
\openout6 = `Masterproef_NL_2012.acn'.

Package glossaries Info: Writing glossary file Masterproef_NL_2012.acn on input
 line 38.
 (Masterproef_NL_2012.aux (hoofdstuk1.aux) (hoofdstuk2.aux

LaTeX Warning: Label `fig:preprocessing hoek trapas' multiply defined.

) (hoofdstuk3.aux) (hoofdstuk4.aux) (appendix.aux))
\openout1 = `Masterproef_NL_2012.aux'.

LaTeX Font Info:    Checking defaults for OML/cmm/m/it on input line 69.
LaTeX Font Info:    ... okay on input line 69.
LaTeX Font Info:    Checking defaults for T1/cmr/m/n on input line 69.
LaTeX Font Info:    ... okay on input line 69.
LaTeX Font Info:    Checking defaults for OT1/cmr/m/n on input line 69.
LaTeX Font Info:    ... okay on input line 69.
LaTeX Font Info:    Checking defaults for OMS/cmsy/m/n on input line 69.
LaTeX Font Info:    ... okay on input line 69.
LaTeX Font Info:    Checking defaults for OMX/cmex/m/n on input line 69.
LaTeX Font Info:    ... okay on input line 69.
LaTeX Font Info:    Checking defaults for U/cmr/m/n on input line 69.
LaTeX Font Info:    ... okay on input line 69.
LaTeX Font Info:    Checking defaults for TS1/cmr/m/n on input line 69.
LaTeX Font Info:    ... okay on input line 69.

("C:\Users\Arno\AppData\Local\Programs\MiKTeX 2.9\tex/context/base\supp-pdf.mki
i"
[Loading MPS to PDF converter (version 2006.09.02).]
\scratchcounter=\count154
\scratchdimen=\dimen188
\scratchbox=\box67
\nofMPsegments=\count155
\nofMParguments=\count156
\everyMPshowfont=\toks47
\MPscratchCnt=\count157
\MPscratchDim=\dimen189
\MPnumerator=\count158
\makeMPintoPDFobject=\count159
\everyMPtoPDFconversion=\toks48
)
("C:\Users\Arno\AppData\Local\Programs\MiKTeX 2.9\tex/latex/oberdiek\epstopdf-b
ase.sty"
Package: epstopdf-base 2016/05/15 v2.6 Base part for package epstopdf

("C:\Users\Arno\AppData\Local\Programs\MiKTeX 2.9\tex/generic/oberdiek\infwarer
r.sty"
Package: infwarerr 2016/05/16 v1.4 Providing info/warning/error messages (HO)
)
("C:\Users\Arno\AppData\Local\Programs\MiKTeX 2.9\tex/latex/oberdiek\grfext.sty
"
Package: grfext 2016/05/16 v1.2 Manage graphics extensions (HO)

("C:\Users\Arno\AppData\Local\Programs\MiKTeX 2.9\tex/generic/oberdiek\kvdefine
keys.sty"
Package: kvdefinekeys 2016/05/16 v1.4 Define keys (HO)

("C:\Users\Arno\AppData\Local\Programs\MiKTeX 2.9\tex/generic/oberdiek\ltxcmds.
sty"
Package: ltxcmds 2016/05/16 v1.23 LaTeX kernel commands for general use (HO)
)))
("C:\Users\Arno\AppData\Local\Programs\MiKTeX 2.9\tex/latex/oberdiek\kvoptions.
sty"
Package: kvoptions 2016/05/16 v3.12 Key value format for package options (HO)

("C:\Users\Arno\AppData\Local\Programs\MiKTeX 2.9\tex/generic/oberdiek\kvsetkey
s.sty"
Package: kvsetkeys 2016/05/16 v1.17 Key value parser (HO)

("C:\Users\Arno\AppData\Local\Programs\MiKTeX 2.9\tex/generic/oberdiek\etexcmds
.sty"
Package: etexcmds 2016/05/16 v1.6 Avoid name clashes with e-TeX commands (HO)

("C:\Users\Arno\AppData\Local\Programs\MiKTeX 2.9\tex/generic/oberdiek\ifluatex
.sty"
Package: ifluatex 2016/05/16 v1.4 Provides the ifluatex switch (HO)
Package ifluatex Info: LuaTeX not detected.
))))
("C:\Users\Arno\AppData\Local\Programs\MiKTeX 2.9\tex/generic/oberdiek\pdftexcm
ds.sty"
Package: pdftexcmds 2018/09/10 v0.29 Utility functions of pdfTeX for LuaTeX (HO
)

("C:\Users\Arno\AppData\Local\Programs\MiKTeX 2.9\tex/generic/oberdiek\ifpdf.st
y"
Package: ifpdf 2018/09/07 v3.3 Provides the ifpdf switch
)
Package pdftexcmds Info: LuaTeX not detected.
Package pdftexcmds Info: \pdf@primitive is available.
Package pdftexcmds Info: \pdf@ifprimitive is available.
Package pdftexcmds Info: \pdfdraftmode found.
)
Package epstopdf-base Info: Redefining graphics rule for `.eps' on input line 4
38.
Package grfext Info: Graphics extension search list:
(grfext)             [.pdf,.png,.jpg,.mps,.jpeg,.jbig2,.jb2,.PDF,.PNG,.JPG,.JPE
G,.JBIG2,.JB2,.eps]
(grfext)             \AppendGraphicsExtensions on input line 456.
) ABD: EveryShipout initializing macros
Package caption Info: Begin \AtBeginDocument code.
Package caption Info: longtable package is loaded.

("C:\Users\Arno\AppData\Local\Programs\MiKTeX 2.9\tex/latex/caption\ltcaption.s
ty"
Package: ltcaption 2018/08/26 v1.4-95 longtable captions (AR)
)
Package caption Info: supertabular package is loaded.
Package caption Info: End \AtBeginDocument code.
LaTeX Font Info:    Try loading font information for OT1+phv on input line 83.

("C:\Users\Arno\AppData\Local\Programs\MiKTeX 2.9\tex/latex/psnfss\ot1phv.fd"
File: ot1phv.fd 2001/06/04 scalable font definitions for OT1/phv.
)
LaTeX Font Info:    Try loading font information for U+msa on input line 86.

("C:\Users\Arno\AppData\Local\Programs\MiKTeX 2.9\tex/latex/amsfonts\umsa.fd"
File: umsa.fd 2013/01/14 v3.01 AMS symbols A
)
LaTeX Font Info:    Try loading font information for U+msb on input line 86.

("C:\Users\Arno\AppData\Local\Programs\MiKTeX 2.9\tex/latex/amsfonts\umsb.fd"
File: umsb.fd 2013/01/14 v3.01 AMS symbols B
)
Overfull \hbox (89.5596pt too wide) in paragraph at lines 86--87
[][][][][][][] 
 []

<LogoKULeuven.png, id=4, 401.5pt x 143.53625pt>
File: LogoKULeuven.png Graphic file (type png)
<use LogoKULeuven.png>
Package pdftex.def Info: LogoKULeuven.png  used on input line 91.
(pdftex.def)             Requested size: 157.58296pt x 56.33646pt.
LaTeX Font Info:    Font shape `OT1/phv/bx/n' in size <14> not available
(Font)              Font shape `OT1/phv/b/n' tried instead on input line 106.

Overfull \hbox (24.18004pt too wide) in paragraph at lines 136--137
[][][] 
 []

[1



\openout4 = `Masterproef_NL_2012.ist'.

{C:/Users/Arno/AppData/Local/MiKTeX/2.9/pdftex/config/pdftex.map} <./LogoKULeuv
en.png>] [0


] [1

] (Masterproef_NL_2012.toc)
\tf@toc=\write7
\openout7 = `Masterproef_NL_2012.toc'.

 [2

] [3] (Masterproef_NL_2012.lof)
\tf@lof=\write8
\openout8 = `Masterproef_NL_2012.lof'.


[4

]

Package glossaries Warning: Deprecated command \glossarystyle.
 I recommend you switch to \setglossarystyle unless you want to maintain backwa
rd compatibility on input line 163.

(Masterproef_NL_2012.acr) [5

]

Package glossaries Warning: Deprecated command \glossarystyle.
 I recommend you switch to \setglossarystyle unless you want to maintain backwa
rd compatibility on input line 167.

(Masterproef_NL_2012.gls
Overfull \hbox (1.40103pt too wide) in paragraph at lines 8--9
[]|$\OML/cmm/m/it/12 FCC[]$| 
 []

[6

]) [7]
\openout2 = `hoofdstuk1.aux'.

 (hoofdstuk1.tex
Hoofdstuk 1.

Underfull \hbox (badness 10000) in paragraph at lines 3--5

 []

<images/snelheid-veiligheid-tradeoff.png, id=47, 377.91188pt x 304.13625pt>
File: images/snelheid-veiligheid-tradeoff.png Graphic file (type png)
<use images/snelheid-veiligheid-tradeoff.png>
Package pdftex.def Info: images/snelheid-veiligheid-tradeoff.png  used on input
 line 8.
(pdftex.def)             Requested size: 200.30544pt x 161.20071pt.

Overfull \hbox (18.21059pt too wide) in paragraph at lines 8--9
 [][] 
 []

<images/wagenpark_belgie.png, id=48, 811.53188pt x 248.42813pt>
File: images/wagenpark_belgie.png Graphic file (type png)
<use images/wagenpark_belgie.png>
Package pdftex.def Info: images/wagenpark_belgie.png  used on input line 19.
(pdftex.def)             Requested size: 455.24408pt x 139.36519pt.

Underfull \hbox (badness 10000) in paragraph at lines 12--23

 []


Underfull \hbox (badness 10000) in paragraph at lines 12--23

 []

[1



 <./images/snelheid-veiligheid-tradeoff.png>]
Underfull \hbox (badness 10000) in paragraph at lines 26--34

 []


Underfull \hbox (badness 10000) in paragraph at lines 26--34

 []


Underfull \hbox (badness 10000) in paragraph at lines 26--34

 []


Underfull \hbox (badness 10000) in paragraph at lines 26--34

 []

[2 <./images/wagenpark_belgie.png>]
Underfull \hbox (badness 10000) in paragraph at lines 39--50

 []

[3])
Underfull \hbox (badness 10000) in paragraph at lines 63--172

 []


Underfull \hbox (badness 10000) in paragraph at lines 63--172

 []

[4]
\openout2 = `hoofdstuk2.aux'.

 (hoofdstuk2.tex
Hoofdstuk 2.

Underfull \hbox (badness 10000) in paragraph at lines 3--6

 []


Underfull \hbox (badness 10000) in paragraph at lines 7--9

 []


Underfull \hbox (badness 10000) in paragraph at lines 11--15

 []

[5



]
<images/koppel-toerentalkarakteristiek.png, id=69, 642.4pt x 481.8pt>
File: images/koppel-toerentalkarakteristiek.png Graphic file (type png)
<use images/koppel-toerentalkarakteristiek.png>
Package pdftex.def Info: images/koppel-toerentalkarakteristiek.png  used on inp
ut line 30.
(pdftex.def)             Requested size: 455.24408pt x 341.4408pt.
<images/menselijkkoppel.png, id=70, 642.4pt x 481.8pt>
File: images/menselijkkoppel.png Graphic file (type png)
<use images/menselijkkoppel.png>
Package pdftex.def Info: images/menselijkkoppel.png  used on input line 41.
(pdftex.def)             Requested size: 227.62204pt x 170.71304pt.
<images/gesimuleerdekoppel.png, id=71, 642.4pt x 481.8pt>
File: images/gesimuleerdekoppel.png Graphic file (type png)
<use images/gesimuleerdekoppel.png>
Package pdftex.def Info: images/gesimuleerdekoppel.png  used on input line 47.
(pdftex.def)             Requested size: 227.62204pt x 170.71304pt.
<images/gesimuleerdekoppeldominantbeen.png, id=72, 642.4pt x 481.8pt>
File: images/gesimuleerdekoppeldominantbeen.png Graphic file (type png)
<use images/gesimuleerdekoppeldominantbeen.png>
Package pdftex.def Info: images/gesimuleerdekoppeldominantbeen.png  used on inp
ut line 53.
(pdftex.def)             Requested size: 227.62204pt x 170.71304pt.

Underfull \hbox (badness 10000) in paragraph at lines 27--60

 []

[6] [7 <./images/koppel-toerentalkarakteristiek.png (PNG copy)>]
<images/planeetwielmechanisme.png, id=79, 237.88875pt x 179.92218pt>
File: images/planeetwielmechanisme.png Graphic file (type png)
<use images/planeetwielmechanisme.png>
Package pdftex.def Info: images/planeetwielmechanisme.png  used on input line 6
3.
(pdftex.def)             Requested size: 227.62204pt x 172.16602pt.

Underfull \hbox (badness 1824) in paragraph at lines 64--64
[]\OT1/cmr/m/n/12 Figure 6: |Pla-neetwielmech-a-nisme (bron:
 []


Underfull \hbox (badness 1320) in paragraph at lines 68--69
\OT1/cmr/m/n/12 wiel. CoSaR maakt ge-bruik van een
 []


Underfull \hbox (badness 10000) in paragraph at lines 71--74

 []

[8 <./images/menselijkkoppel.png (PNG copy)> <./images/gesimuleerdekoppel.png (
PNG copy)> <./images/gesimuleerdekoppeldominantbeen.png (PNG copy)> <./images/p
laneetwielmechanisme.png>]
Underfull \hbox (badness 10000) in paragraph at lines 79--82

 []

<images/cadansverloop.png, id=84, 642.4pt x 481.8pt>
File: images/cadansverloop.png Graphic file (type png)
<use images/cadansverloop.png>
Package pdftex.def Info: images/cadansverloop.png  used on input line 89.
(pdftex.def)             Requested size: 455.24408pt x 341.4408pt.
[9] [10 <./images/cadansverloop.png (PNG copy)>]
Underfull \hbox (badness 10000) in paragraph at lines 95--97

 []


Underfull \hbox (badness 10000) in paragraph at lines 103--109

 []


Underfull \hbox (badness 10000) in paragraph at lines 103--109

 []

<images/parcour_slope_example.png, id=92, 642.4pt x 481.8pt>
File: images/parcour_slope_example.png Graphic file (type png)
<use images/parcour_slope_example.png>
Package pdftex.def Info: images/parcour_slope_example.png  used on input line 1
12.
(pdftex.def)             Requested size: 455.24408pt x 341.4408pt.
[11]
Underfull \hbox (badness 10000) in paragraph at lines 118--121

 []


Underfull \hbox (badness 10000) in paragraph at lines 126--145

 []


Overfull \hbox (6.79999pt too wide) in paragraph at lines 126--145
[] 
 []

[12 <./images/parcour_slope_example.png (PNG copy)>]
Underfull \hbox (badness 10000) in paragraph at lines 147--149

 []

<images/trapcyclus.png, id=99, 674.52pt x 475.7775pt>
File: images/trapcyclus.png Graphic file (type png)
<use images/trapcyclus.png>
Package pdftex.def Info: images/trapcyclus.png  used on input line 152.
(pdftex.def)             Requested size: 182.09485pt x 128.43985pt.
[13 <./images/trapcyclus.png>]
Underfull \hbox (badness 10000) in paragraph at lines 159--163

 []


Underfull \hbox (badness 10000) in paragraph at lines 159--163

 []

<images/preprocessing-hoek.png, id=106, 1038.88126pt x 361.35pt>
File: images/preprocessing-hoek.png Graphic file (type png)
<use images/preprocessing-hoek.png>
Package pdftex.def Info: images/preprocessing-hoek.png  used on input line 176.

(pdftex.def)             Requested size: 455.24408pt x 158.34387pt.
[14 <./images/preprocessing-hoek.png>]
<images/fft_fietser.png, id=110, 642.4pt x 481.8pt>
File: images/fft_fietser.png Graphic file (type png)
<use images/fft_fietser.png>
Package pdftex.def Info: images/fft_fietser.png  used on input line 185.
(pdftex.def)             Requested size: 455.24408pt x 341.4408pt.

Underfull \hbox (badness 10000) in paragraph at lines 192--195

 []

[15 <./images/fft_fietser.png (PNG copy)>]
Underfull \hbox (badness 10000) in paragraph at lines 230--235

 []


Underfull \hbox (badness 10000) in paragraph at lines 230--235

 []

[16]
Underfull \hbox (badness 10000) in paragraph at lines 236--239

 []

<images/actual-prediction+noice,nopp.png, id=119, 642.4pt x 481.8pt>
File: images/actual-prediction+noice,nopp.png Graphic file (type png)
<use images/actual-prediction+noice,nopp.png>
Package pdftex.def Info: images/actual-prediction+noice,nopp.png  used on input
 line 248.
(pdftex.def)             Requested size: 227.62204pt x 170.71304pt.
<images/actual-prediction+noice,es.png, id=120, 642.4pt x 481.8pt>
File: images/actual-prediction+noice,es.png Graphic file (type png)
<use images/actual-prediction+noice,es.png>
Package pdftex.def Info: images/actual-prediction+noice,es.png  used on input l
ine 254.
(pdftex.def)             Requested size: 227.62204pt x 170.71304pt.
<images/actual-prediction+noice,ma.png, id=121, 642.4pt x 481.8pt>
File: images/actual-prediction+noice,ma.png Graphic file (type png)
<use images/actual-prediction+noice,ma.png>
Package pdftex.def Info: images/actual-prediction+noice,ma.png  used on input l
ine 260.
(pdftex.def)             Requested size: 227.62204pt x 170.71304pt.
) [17] [18 <./images/actual-prediction+noice,nopp.png (PNG copy)> <./images/act
ual-prediction+noice,es.png (PNG copy)> <./images/actual-prediction+noice,ma.pn
g (PNG copy)>]
\openout2 = `hoofdstuk3.aux'.

 (hoofdstuk3.tex
Hoofdstuk 3.
<images/evaluatie/seqlen10.png, id=128, 462.528pt x 346.896pt>
File: images/evaluatie/seqlen10.png Graphic file (type png)
<use images/evaluatie/seqlen10.png>
Package pdftex.def Info: images/evaluatie/seqlen10.png  used on input line 11.
(pdftex.def)             Requested size: 223.0721pt x 167.30745pt.
<images/evaluatie/seqlen20.png, id=129, 462.528pt x 346.896pt>
File: images/evaluatie/seqlen20.png Graphic file (type png)
<use images/evaluatie/seqlen20.png>
Package pdftex.def Info: images/evaluatie/seqlen20.png  used on input line 15.
(pdftex.def)             Requested size: 223.0721pt x 167.30745pt.
<images/evaluatie/seqlen50.png, id=130, 462.528pt x 346.896pt>
File: images/evaluatie/seqlen50.png Graphic file (type png)
<use images/evaluatie/seqlen50.png>
Package pdftex.def Info: images/evaluatie/seqlen50.png  used on input line 19.
(pdftex.def)             Requested size: 223.0721pt x 167.30745pt.
<images/evaluatie/seqlen100.png, id=131, 462.528pt x 346.896pt>
File: images/evaluatie/seqlen100.png Graphic file (type png)
<use images/evaluatie/seqlen100.png>
Package pdftex.def Info: images/evaluatie/seqlen100.png  used on input line 23.

(pdftex.def)             Requested size: 223.0721pt x 167.30745pt.

Underfull \hbox (badness 10000) in paragraph at lines 4--28

 []

<images/evaluatie/gemiddeldmsepa.png, id=132, 455.45157pt x 255.95625pt>
File: images/evaluatie/gemiddeldmsepa.png Graphic file (type png)
<use images/evaluatie/gemiddeldmsepa.png>
Package pdftex.def Info: images/evaluatie/gemiddeldmsepa.png  used on input lin
e 39.
(pdftex.def)             Requested size: 455.24408pt x 255.84625pt.

Underfull \hbox (badness 10000) in paragraph at lines 30--43

 []


Underfull \hbox (badness 10000) in paragraph at lines 30--43

 []


Underfull \hbox (badness 10000) in paragraph at lines 30--43

 []


Underfull \hbox (badness 10000) in paragraph at lines 30--43

 []

[19



] [20 <./images/evaluatie/seqlen10.png> <./images/evaluatie/seqlen20.png> <./im
ages/evaluatie/seqlen50.png> <./images/evaluatie/seqlen100.png>] [21 <./images/
evaluatie/gemiddeldmsepa.png>]
<images/evaluatie/aantalkeertrainenpa.png, id=146, 446.41782pt x 257.46187pt>
File: images/evaluatie/aantalkeertrainenpa.png Graphic file (type png)
<use images/evaluatie/aantalkeertrainenpa.png>
Package pdftex.def Info: images/evaluatie/aantalkeertrainenpa.png  used on inpu
t line 45.
(pdftex.def)             Requested size: 455.24408pt x 262.55655pt.

Underfull \hbox (badness 10000) in paragraph at lines 50--57

 []


Underfull \hbox (badness 10000) in paragraph at lines 50--57

 []


Underfull \hbox (badness 10000) in paragraph at lines 50--57

 []

<images/evaluatie/gemiddeldmsedt.png, id=147, 782.17218pt x 432.11438pt>
File: images/evaluatie/gemiddeldmsedt.png Graphic file (type png)
<use images/evaluatie/gemiddeldmsedt.png>
Package pdftex.def Info: images/evaluatie/gemiddeldmsedt.png  used on input lin
e 63.
(pdftex.def)             Requested size: 455.24408pt x 251.50345pt.
<images/evaluatie/gemiddeldmserf.png, id=148, 729.47531pt x 408.02437pt>
File: images/evaluatie/gemiddeldmserf.png Graphic file (type png)
<use images/evaluatie/gemiddeldmserf.png>
Package pdftex.def Info: images/evaluatie/gemiddeldmserf.png  used on input lin
e 67.
(pdftex.def)             Requested size: 455.24408pt x 254.63483pt.
<images/evaluatie/aantalkeertrainendt.png, id=149, 688.82344pt x 392.21532pt>
File: images/evaluatie/aantalkeertrainendt.png Graphic file (type png)
<use images/evaluatie/aantalkeertrainendt.png>
Package pdftex.def Info: images/evaluatie/aantalkeertrainendt.png  used on inpu
t line 77.
(pdftex.def)             Requested size: 455.24408pt x 259.216pt.
<images/evaluatie/aantalkeertrainenrf.png, id=150, 673.76718pt x 385.44pt>
File: images/evaluatie/aantalkeertrainenrf.png Graphic file (type png)
<use images/evaluatie/aantalkeertrainenrf.png>
Package pdftex.def Info: images/evaluatie/aantalkeertrainenrf.png  used on inpu
t line 81.
(pdftex.def)             Requested size: 455.24408pt x 260.4313pt.
<images/evaluatie/uitvoeringstijddt.png, id=151, 777.65532pt x 432.86719pt>
File: images/evaluatie/uitvoeringstijddt.png Graphic file (type png)
<use images/evaluatie/uitvoeringstijddt.png>
Package pdftex.def Info: images/evaluatie/uitvoeringstijddt.png  used on input 
line 90.
(pdftex.def)             Requested size: 455.24408pt x 253.40791pt.
<images/evaluatie/uitvoeringstijdrf.png, id=152, 694.84593pt x 380.92313pt>
File: images/evaluatie/uitvoeringstijdrf.png Graphic file (type png)
<use images/evaluatie/uitvoeringstijdrf.png>
Package pdftex.def Info: images/evaluatie/uitvoeringstijdrf.png  used on input 
line 94.
(pdftex.def)             Requested size: 455.24408pt x 249.56749pt.
) [22 <./images/evaluatie/aantalkeertrainenpa.png>] [23 <./images/evaluatie/gem
iddeldmsedt.png> <./images/evaluatie/gemiddeldmserf.png>] [24 <./images/evaluat
ie/aantalkeertrainendt.png> <./images/evaluatie/aantalkeertrainenrf.png>]
[25 <./images/evaluatie/uitvoeringstijddt.png> <./images/evaluatie/uitvoeringst
ijdrf.png>]
\openout2 = `hoofdstuk4.aux'.

 (hoofdstuk4.tex
Hoofdstuk 4.
) [26



]
\openout2 = `appendix.aux'.

 (appendix.tex
<images/logo_intuedrive.png, id=176, 222.07968pt x 146.04562pt>
File: images/logo_intuedrive.png Graphic file (type png)
<use images/logo_intuedrive.png>
Package pdftex.def Info: images/logo_intuedrive.png  used on input line 12.
(pdftex.def)             Requested size: 227.62204pt x 149.69102pt.

Underfull \hbox (badness 10000) in paragraph at lines 5--16

 []

[27



 <./images/logo_intuedrive.png>]
Underfull \hbox (badness 5245) in paragraph at lines 26--27
[]\OT1/cmr/m/n/12 London I. (2016); En-cod-ing cycli-cal con-tin-u-ous fea-ture
s - 24-hour time;
 []


Underfull \hbox (badness 10000) in paragraph at lines 29--30
[]\OT1/cmr/m/n/12 Sarle, W. comp.ai.neural-nets FAQ; http://www.faqs.org/faqs/a
i-faq/neural-
 []

) [28

]
LaTeX Font Info:    Font shape `OT1/phv/bx/n' in size <7> not available
(Font)              Font shape `OT1/phv/b/n' tried instead on input line 204.
<sedes.png, id=184, 402.5439pt x 683.6742pt>
File: sedes.png Graphic file (type png)
<use sedes.png>
Package pdftex.def Info: sedes.png  used on input line 214.
(pdftex.def)             Requested size: 27.64043pt x 46.94704pt.

Overfull \hbox (18.18004pt too wide) in paragraph at lines 218--219
[][][] 
 []

[29

 <./sedes.png>] (Masterproef_NL_2012.aux (hoofdstuk1.aux) (hoofdstuk2.aux)
(hoofdstuk3.aux) (hoofdstuk4.aux) (appendix.aux))

LaTeX Warning: There were multiply-defined labels.

 ) 
Here is how much of TeX's memory you used:
 22476 strings out of 492946
 450480 string characters out of 3126710
 547422 words of memory out of 3000000
 25835 multiletter control sequences out of 15000+200000
 22446 words of font info for 55 fonts, out of 3000000 for 9000
 1141 hyphenation exceptions out of 8191
 55i,14n,79p,2005b,784s stack positions out of 5000i,500n,10000p,200000b,50000s
{C:/Users/Arno/AppData/Local/Programs/MiKTeX 2.9/fonts/enc/dvips/base/8r.enc}
<C:/Users/Arno/AppData/Local/Programs/MiKTeX 2.9/fonts/type1/public/amsfonts/cm
/cmbx12.pfb><C:/Users/Arno/AppData/Local/Programs/MiKTeX 2.9/fonts/type1/public
/amsfonts/cm/cmex10.pfb><C:/Users/Arno/AppData/Local/Programs/MiKTeX 2.9/fonts/
type1/public/amsfonts/cm/cmmi12.pfb><C:/Users/Arno/AppData/Local/Programs/MiKTe
X 2.9/fonts/type1/public/amsfonts/cm/cmmi6.pfb><C:/Users/Arno/AppData/Local/Pro
grams/MiKTeX 2.9/fonts/type1/public/amsfonts/cm/cmmi8.pfb><C:/Users/Arno/AppDat
a/Local/Programs/MiKTeX 2.9/fonts/type1/public/amsfonts/cm/cmr10.pfb><C:/Users/
Arno/AppData/Local/Programs/MiKTeX 2.9/fonts/type1/public/amsfonts/cm/cmr12.pfb
><C:/Users/Arno/AppData/Local/Programs/MiKTeX 2.9/fonts/type1/public/amsfonts/c
m/cmr6.pfb><C:/Users/Arno/AppData/Local/Programs/MiKTeX 2.9/fonts/type1/public/
amsfonts/cm/cmr8.pfb><C:/Users/Arno/AppData/Local/Programs/MiKTeX 2.9/fonts/typ
e1/public/amsfonts/cm/cmsl12.pfb><C:/Users/Arno/AppData/Local/Programs/MiKTeX 2
.9/fonts/type1/public/amsfonts/cm/cmsy10.pfb><C:/Users/Arno/AppData/Local/Progr
ams/MiKTeX 2.9/fonts/type1/public/amsfonts/cm/cmsy8.pfb><C:/Users/Arno/AppData/
Local/Programs/MiKTeX 2.9/fonts/type1/public/amsfonts/cm/cmti12.pfb><C:/Users/A
rno/AppData/Local/Programs/MiKTeX 2.9/fonts/type1/public/amsfonts/symbols/msbm1
0.pfb><C:/Users/Arno/AppData/Local/Programs/MiKTeX 2.9/fonts/type1/urw/helvetic
/uhvb8a.pfb><C:/Users/Arno/AppData/Local/Programs/MiKTeX 2.9/fonts/type1/urw/he
lvetic/uhvr8a.pfb><C:/Users/Arno/AppData/Local/Programs/MiKTeX 2.9/fonts/type1/
urw/helvetic/uhvro8a.pfb>
Output written on Masterproef_NL_2012.pdf (38 pages, 1731501 bytes).
PDF statistics:
 246 PDF objects out of 1000 (max. 8388607)
 0 named destinations out of 1000 (max. 500000)
 175 words of extra memory for PDF output out of 10000 (max. 10000000)

